[2021-09-06 14:56:53] app.ERROR: Data from PrestaShop Addons is invalid, and cannot fallback on cache.  {"exception":"cURL error 28: Operation timed out after 5008 milliseconds with 0 out of 0 bytes received"} []
[2021-09-06 14:56:55] app.INFO: Protect vendor folder in module contactform [] []
[2021-09-06 14:56:56] app.INFO: Module contactform has no vendor folder [] []
[2021-09-06 14:56:59] app.INFO: Protect vendor folder in module dashactivity [] []
[2021-09-06 14:56:59] app.INFO: Module dashactivity has no vendor folder [] []
[2021-09-06 14:57:04] app.INFO: Protect vendor folder in module dashgoals [] []
[2021-09-06 14:57:04] app.INFO: Module dashgoals has no vendor folder [] []
[2021-09-06 14:57:05] app.INFO: Protect vendor folder in module dashproducts [] []
[2021-09-06 14:57:05] app.INFO: Module dashproducts has no vendor folder [] []
[2021-09-06 14:57:08] app.INFO: Protect vendor folder in module dashtrends [] []
[2021-09-06 14:57:08] app.INFO: Module dashtrends has no vendor folder [] []
[2021-09-06 14:57:09] app.INFO: Protect vendor folder in module graphnvd3 [] []
[2021-09-06 14:57:10] app.INFO: Module graphnvd3 has no vendor folder [] []
[2021-09-06 14:57:11] app.INFO: Protect vendor folder in module gridhtml [] []
[2021-09-06 14:57:11] app.INFO: Module gridhtml has no vendor folder [] []
[2021-09-06 14:57:13] app.INFO: Protect vendor folder in module gsitemap [] []
[2021-09-06 14:57:13] app.INFO: Module gsitemap has no vendor folder [] []
[2021-09-06 14:57:14] app.INFO: Protect vendor folder in module pagesnotfound [] []
[2021-09-06 14:57:14] app.INFO: Module pagesnotfound has no vendor folder [] []
[2021-09-06 14:57:20] app.INFO: Protect vendor folder in module productcomments [] []
[2021-09-06 14:57:20] app.INFO: Module productcomments has no vendor folder [] []
[2021-09-06 14:57:21] app.INFO: Protect vendor folder in module ps_banner [] []
[2021-09-06 14:57:21] app.INFO: Module ps_banner has no vendor folder [] []
[2021-09-06 14:57:22] app.INFO: Protect vendor folder in module ps_categorytree [] []
[2021-09-06 14:57:22] app.INFO: Module ps_categorytree has no vendor folder [] []
[2021-09-06 14:57:24] app.INFO: Protect vendor folder in module ps_checkpayment [] []
[2021-09-06 14:57:24] app.INFO: Module ps_checkpayment has no vendor folder [] []
[2021-09-06 14:57:26] app.INFO: Protect vendor folder in module ps_contactinfo [] []
[2021-09-06 14:57:26] app.INFO: Module ps_contactinfo has no vendor folder [] []
[2021-09-06 14:57:27] app.INFO: Protect vendor folder in module ps_crossselling [] []
[2021-09-06 14:57:27] app.INFO: Module ps_crossselling has no vendor folder [] []
[2021-09-06 14:57:28] app.INFO: Protect vendor folder in module ps_currencyselector [] []
[2021-09-06 14:57:28] app.INFO: Module ps_currencyselector has no vendor folder [] []
[2021-09-06 14:57:30] app.INFO: Protect vendor folder in module ps_customeraccountlinks [] []
[2021-09-06 14:57:30] app.INFO: Module ps_customeraccountlinks has no vendor folder [] []
[2021-09-06 14:57:30] app.INFO: Protect vendor folder in module ps_customersignin [] []
[2021-09-06 14:57:30] app.INFO: Module ps_customersignin has no vendor folder [] []
[2021-09-06 14:57:34] app.INFO: Protect vendor folder in module ps_customtext [] []
[2021-09-06 14:57:34] app.INFO: Module ps_customtext has no vendor folder [] []
[2021-09-06 14:57:36] app.INFO: Protect vendor folder in module ps_dataprivacy [] []
[2021-09-06 14:57:36] app.INFO: Module ps_dataprivacy has no vendor folder [] []
[2021-09-06 14:57:40] app.INFO: Protect vendor folder in module ps_emailsubscription [] []
[2021-09-06 14:57:40] app.INFO: Module ps_emailsubscription has no vendor folder [] []
[2021-09-06 14:57:51] app.INFO: Protect vendor folder in module ps_facetedsearch [] []
[2021-09-06 14:57:51] app.INFO: Module ps_facetedsearch has no vendor folder [] []
[2021-09-06 14:57:53] app.INFO: Protect vendor folder in module ps_faviconnotificationbo [] []
[2021-09-06 14:57:53] app.INFO: Module ps_faviconnotificationbo has no vendor folder [] []
[2021-09-06 14:57:55] app.INFO: Protect vendor folder in module ps_featuredproducts [] []
[2021-09-06 14:57:55] app.INFO: Module ps_featuredproducts has no vendor folder [] []
[2021-09-06 14:57:59] app.INFO: Protect vendor folder in module ps_imageslider [] []
[2021-09-06 14:57:59] app.INFO: Module ps_imageslider has no vendor folder [] []
[2021-09-06 14:57:59] app.INFO: Protect vendor folder in module ps_languageselector [] []
[2021-09-06 14:57:59] app.INFO: Module ps_languageselector has no vendor folder [] []
[2021-09-06 14:58:02] app.INFO: Protect vendor folder in module ps_linklist [] []
[2021-09-06 14:58:02] app.INFO: Module ps_linklist has no vendor folder [] []
[2021-09-06 14:58:05] app.INFO: Protect vendor folder in module ps_mainmenu [] []
[2021-09-06 14:58:05] app.INFO: Module ps_mainmenu has no vendor folder [] []
[2021-09-06 14:58:06] app.INFO: Protect vendor folder in module ps_searchbar [] []
[2021-09-06 14:58:06] app.INFO: Module ps_searchbar has no vendor folder [] []
[2021-09-06 14:58:08] app.INFO: Protect vendor folder in module ps_sharebuttons [] []
[2021-09-06 14:58:08] app.INFO: Module ps_sharebuttons has no vendor folder [] []
[2021-09-06 14:58:09] app.INFO: Protect vendor folder in module ps_shoppingcart [] []
[2021-09-06 14:58:09] app.INFO: Module ps_shoppingcart has no vendor folder [] []
[2021-09-06 14:58:10] app.INFO: Protect vendor folder in module ps_socialfollow [] []
[2021-09-06 14:58:10] app.INFO: Module ps_socialfollow has no vendor folder [] []
[2021-09-06 14:58:12] app.INFO: Protect vendor folder in module ps_themecusto [] []
[2021-09-06 14:58:12] app.INFO: Module ps_themecusto has no vendor folder [] []
[2021-09-06 14:58:14] app.INFO: Protect vendor folder in module ps_wirepayment [] []
[2021-09-06 14:58:14] app.INFO: Module ps_wirepayment has no vendor folder [] []
[2021-09-06 14:58:16] app.INFO: Protect vendor folder in module sekeywords [] []
[2021-09-06 14:58:16] app.INFO: Module sekeywords has no vendor folder [] []
[2021-09-06 14:58:16] app.INFO: Protect vendor folder in module statsbestcategories [] []
[2021-09-06 14:58:16] app.INFO: Module statsbestcategories has no vendor folder [] []
[2021-09-06 14:58:17] app.INFO: Protect vendor folder in module statsbestcustomers [] []
[2021-09-06 14:58:17] app.INFO: Module statsbestcustomers has no vendor folder [] []
[2021-09-06 14:58:18] app.INFO: Protect vendor folder in module statsbestproducts [] []
[2021-09-06 14:58:18] app.INFO: Module statsbestproducts has no vendor folder [] []
[2021-09-06 14:58:19] app.INFO: Protect vendor folder in module statsbestsuppliers [] []
[2021-09-06 14:58:19] app.INFO: Module statsbestsuppliers has no vendor folder [] []
[2021-09-06 14:58:20] app.INFO: Protect vendor folder in module statsbestvouchers [] []
[2021-09-06 14:58:20] app.INFO: Module statsbestvouchers has no vendor folder [] []
[2021-09-06 14:58:21] app.INFO: Protect vendor folder in module statscarrier [] []
[2021-09-06 14:58:21] app.INFO: Module statscarrier has no vendor folder [] []
[2021-09-06 14:58:22] app.INFO: Protect vendor folder in module statscatalog [] []
[2021-09-06 14:58:22] app.INFO: Module statscatalog has no vendor folder [] []
[2021-09-06 14:58:22] app.INFO: Protect vendor folder in module statscheckup [] []
[2021-09-06 14:58:22] app.INFO: Module statscheckup has no vendor folder [] []
[2021-09-06 14:58:24] app.INFO: Protect vendor folder in module statsdata [] []
[2021-09-06 14:58:24] app.INFO: Module statsdata has no vendor folder [] []
[2021-09-06 14:58:25] app.INFO: Protect vendor folder in module statsequipment [] []
[2021-09-06 14:58:25] app.INFO: Module statsequipment has no vendor folder [] []
[2021-09-06 14:58:26] app.INFO: Protect vendor folder in module statsforecast [] []
[2021-09-06 14:58:26] app.INFO: Module statsforecast has no vendor folder [] []
[2021-09-06 14:58:26] app.INFO: Protect vendor folder in module statslive [] []
[2021-09-06 14:58:26] app.INFO: Module statslive has no vendor folder [] []
[2021-09-06 14:58:27] app.INFO: Protect vendor folder in module statsnewsletter [] []
[2021-09-06 14:58:27] app.INFO: Module statsnewsletter has no vendor folder [] []
[2021-09-06 14:58:28] app.INFO: Protect vendor folder in module statsorigin [] []
[2021-09-06 14:58:28] app.INFO: Module statsorigin has no vendor folder [] []
[2021-09-06 14:58:29] app.INFO: Protect vendor folder in module statspersonalinfos [] []
[2021-09-06 14:58:29] app.INFO: Module statspersonalinfos has no vendor folder [] []
[2021-09-06 14:58:30] app.INFO: Protect vendor folder in module statsproduct [] []
[2021-09-06 14:58:30] app.INFO: Module statsproduct has no vendor folder [] []
[2021-09-06 14:58:31] app.INFO: Protect vendor folder in module statsregistrations [] []
[2021-09-06 14:58:31] app.INFO: Module statsregistrations has no vendor folder [] []
[2021-09-06 14:58:31] app.INFO: Protect vendor folder in module statssales [] []
[2021-09-06 14:58:31] app.INFO: Module statssales has no vendor folder [] []
[2021-09-06 14:58:33] app.INFO: Protect vendor folder in module statssearch [] []
[2021-09-06 14:58:33] app.INFO: Module statssearch has no vendor folder [] []
[2021-09-06 14:58:34] app.INFO: Protect vendor folder in module statsstock [] []
[2021-09-06 14:58:34] app.INFO: Module statsstock has no vendor folder [] []
[2021-09-06 14:58:35] app.INFO: Protect vendor folder in module statsvisits [] []
[2021-09-06 14:58:35] app.INFO: Module statsvisits has no vendor folder [] []
[2021-09-06 14:58:37] app.INFO: Protect vendor folder in module welcome [] []
[2021-09-06 14:58:37] app.INFO: Module welcome has no vendor folder [] []
[2021-09-06 14:58:56] app.INFO: Exporting mail with theme modern for language Français (French) [] []
[2021-09-06 14:58:56] app.INFO: Core output folder: C:\MAMP\htdocs\presta/mails [] []
[2021-09-06 14:58:56] app.INFO: Modules output folder: C:\MAMP\htdocs\presta/modules/ [] []
[2021-09-06 14:59:42] app.ERROR: Data from PrestaShop Addons is invalid, and cannot fallback on cache.  {"exception":"cURL error 28: Operation timed out after 5007 milliseconds with 203018809114624 bytes received"} []
[2021-09-06 14:59:45] app.INFO: Protect vendor folder in module blockreassurance [] []
[2021-09-06 14:59:45] app.INFO: Module blockreassurance has no vendor folder [] []
[2021-09-06 15:01:42] app.ERROR: Data from PrestaShop Addons is invalid, and cannot fallback on cache.  {"exception":"cURL error 28: Operation timed out after 5007 milliseconds with 3403452344434688 bytes received"} []
[2021-09-06 15:02:07] app.INFO: Protect vendor folder in module ps_facetedsearch [] []
[2021-09-06 15:02:07] app.INFO: Module ps_facetedsearch has no vendor folder [] []
[2021-09-06 15:05:49] request.INFO: Matched route "admin_product_form". {"route":"admin_product_form","route_parameters":{"_controller":"PrestaShopBundle\\Controller\\Admin\\ProductController::formAction","_legacy_controller":"AdminProducts","_legacy_param_mapper_class":"PrestaShop\\PrestaShop\\Adapter\\Product\\AdminProductDataProvider","_legacy_param_mapper_method":"mapLegacyParametersProductForm","id":"20","_route":"admin_product_form"},"request_uri":"http://localhost/admin329npucdn/index.php/sell/catalog/products/20?_token=MeTO4abcVbcq2BcgONvLlcwOXeUgMVQg2hsMhaAVaP8","method":"GET"} []
[2021-09-06 15:05:49] security.DEBUG: Read existing security token from the session. {"key":"_security_main","token_class":"Symfony\\Component\\Security\\Core\\Authentication\\Token\\UsernamePasswordToken"} []
[2021-09-06 15:05:49] security.DEBUG: User was reloaded from a user provider. {"provider":"PrestaShopBundle\\Security\\Admin\\EmployeeProvider","username":"urbs.aina@gmail.com"} []
[2021-09-06 15:05:57] app.ERROR: Data from PrestaShop Addons is invalid, and cannot fallback on cache.  {"exception":"cURL error 28: Operation timed out after 5007 milliseconds with 691781792432128 bytes received"} []
[2021-09-06 15:05:58] security.DEBUG: Stored the security token in the session. {"key":"_security_main"} []
